0 info it worked if it ends with ok
1 verbose cli [ '/usr/local/bin/node',
1 verbose cli   '/usr/local/bin/npm',
1 verbose cli   'update',
1 verbose cli   '-g',
1 verbose cli   'bower' ]
2 info using npm@3.10.10
3 info using node@v6.10.2
4 silly mapToRegistry name bower
5 silly mapToRegistry using default registry
6 silly mapToRegistry registry https://registry.npmjs.org/
7 silly mapToRegistry data Result {
7 silly mapToRegistry   raw: 'bower',
7 silly mapToRegistry   scope: null,
7 silly mapToRegistry   escapedName: 'bower',
7 silly mapToRegistry   name: 'bower',
7 silly mapToRegistry   rawSpec: '',
7 silly mapToRegistry   spec: 'latest',
7 silly mapToRegistry   type: 'tag' }
8 silly mapToRegistry uri https://registry.npmjs.org/bower
9 verbose request uri https://registry.npmjs.org/bower
10 verbose request no auth needed
11 info attempt registry request try #1 at 1:31:28 AM
12 verbose request id ca7932c4ae94bc11
13 verbose etag W/"58f23126-2afde"
14 verbose lastModified Sat, 15 Apr 2017 14:41:42 GMT
15 http request GET https://registry.npmjs.org/bower
16 http 200 https://registry.npmjs.org/bower
17 verbose headers { 'content-type': 'application/json; charset=UTF-8',
17 verbose headers   server: 'UploadServer',
17 verbose headers   'cache-control': 'max-age=300',
17 verbose headers   'last-modified': 'Wed, 28 Feb 2018 19:15:32 GMT',
17 verbose headers   etag: '"5a96ffd4-3003d"',
17 verbose headers   'x-npm-region': 'US-East',
17 verbose headers   'content-encoding': 'gzip',
17 verbose headers   'content-length': '17536',
17 verbose headers   'accept-ranges': 'bytes',
17 verbose headers   date: 'Tue, 06 Mar 2018 06:31:28 GMT',
17 verbose headers   via: '1.1 varnish',
17 verbose headers   age: '11457',
17 verbose headers   connection: 'keep-alive',
17 verbose headers   'x-served-by': 'cache-iad2639-IAD',
17 verbose headers   'x-cache': 'HIT',
17 verbose headers   'x-cache-hits': '22',
17 verbose headers   'x-timer': 'S1520317889.504847,VS0,VE0',
17 verbose headers   vary: 'Accept-Encoding, Accept' }
18 silly get cb [ 200,
18 silly get   { 'content-type': 'application/json; charset=UTF-8',
18 silly get     server: 'UploadServer',
18 silly get     'cache-control': 'max-age=300',
18 silly get     'last-modified': 'Wed, 28 Feb 2018 19:15:32 GMT',
18 silly get     etag: '"5a96ffd4-3003d"',
18 silly get     'x-npm-region': 'US-East',
18 silly get     'content-encoding': 'gzip',
18 silly get     'content-length': '17536',
18 silly get     'accept-ranges': 'bytes',
18 silly get     date: 'Tue, 06 Mar 2018 06:31:28 GMT',
18 silly get     via: '1.1 varnish',
18 silly get     age: '11457',
18 silly get     connection: 'keep-alive',
18 silly get     'x-served-by': 'cache-iad2639-IAD',
18 silly get     'x-cache': 'HIT',
18 silly get     'x-cache-hits': '22',
18 silly get     'x-timer': 'S1520317889.504847,VS0,VE0',
18 silly get     vary: 'Accept-Encoding, Accept' } ]
19 verbose get saving bower to /Users/joekunnummyalil/.npm/registry.npmjs.org/bower/.cache.json
20 verbose correctMkdir /Users/joekunnummyalil/.npm correctMkdir not in flight; initializing
21 info outdated updating [ { dep:
21 info outdated      Node {
21 info outdated        id: 1,
21 info outdated        package: [Object],
21 info outdated        path: '/usr/local/lib/node_modules/bower',
21 info outdated        realpath: '/usr/local/lib/node_modules/bower',
21 info outdated        parent: [Object],
21 info outdated        isLink: false,
21 info outdated        children: [],
21 info outdated        error: null,
21 info outdated        loaded: false,
21 info outdated        requiredBy: [],
21 info outdated        requires: [],
21 info outdated        missingDeps: {},
21 info outdated        missingDevDeps: {},
21 info outdated        phantomChildren: {},
21 info outdated        location: '/bower',
21 info outdated        userRequired: false,
21 info outdated        existing: false,
21 info outdated        isTop: false },
21 info outdated     depname: 'bower',
21 info outdated     current: '1.8.0',
21 info outdated     wanted: '1.8.2',
21 info outdated     latest: '1.8.2',
21 info outdated     req: 'latest',
21 info outdated     what: 'bower@1.8.2' } ]
22 silly loadCurrentTree Starting
23 silly install loadCurrentTree
24 silly install readGlobalPackageData
25 silly fetchPackageMetaData bower@1.8.2
26 silly fetchNamedPackageData bower
27 silly mapToRegistry name bower
28 silly mapToRegistry using default registry
29 silly mapToRegistry registry https://registry.npmjs.org/
30 silly mapToRegistry data Result {
30 silly mapToRegistry   raw: 'bower',
30 silly mapToRegistry   scope: null,
30 silly mapToRegistry   escapedName: 'bower',
30 silly mapToRegistry   name: 'bower',
30 silly mapToRegistry   rawSpec: '',
30 silly mapToRegistry   spec: 'latest',
30 silly mapToRegistry   type: 'tag' }
31 silly mapToRegistry uri https://registry.npmjs.org/bower
32 verbose get https://registry.npmjs.org/bower not expired, no request
33 silly install normalizeTree
34 silly loadCurrentTree Finishing
35 silly loadIdealTree Starting
36 silly install loadIdealTree
37 silly cloneCurrentTree Starting
38 silly install cloneCurrentTreeToIdealTree
39 silly cloneCurrentTree Finishing
40 silly loadShrinkwrap Starting
41 silly install loadShrinkwrap
42 silly loadShrinkwrap Finishing
43 silly loadAllDepsIntoIdealTree Starting
44 silly install loadAllDepsIntoIdealTree
45 silly resolveWithNewModule bower@1.8.2 checking installable status
46 silly cache add args [ 'bower@1.8.2', null ]
47 verbose cache add spec bower@1.8.2
48 silly cache add parsed spec Result {
48 silly cache add   raw: 'bower@1.8.2',
48 silly cache add   scope: null,
48 silly cache add   escapedName: 'bower',
48 silly cache add   name: 'bower',
48 silly cache add   rawSpec: '1.8.2',
48 silly cache add   spec: '1.8.2',
48 silly cache add   type: 'version' }
49 silly addNamed bower@1.8.2
50 verbose addNamed "1.8.2" is a plain semver version for bower
51 silly mapToRegistry name bower
52 silly mapToRegistry using default registry
53 silly mapToRegistry registry https://registry.npmjs.org/
54 silly mapToRegistry data Result {
54 silly mapToRegistry   raw: 'bower',
54 silly mapToRegistry   scope: null,
54 silly mapToRegistry   escapedName: 'bower',
54 silly mapToRegistry   name: 'bower',
54 silly mapToRegistry   rawSpec: '',
54 silly mapToRegistry   spec: 'latest',
54 silly mapToRegistry   type: 'tag' }
55 silly mapToRegistry uri https://registry.npmjs.org/bower
56 verbose addNameVersion registry:https://registry.npmjs.org/bower not in flight; fetching
57 verbose get https://registry.npmjs.org/bower not expired, no request
58 warn deprecated bower@1.8.2: ...psst! Your project can stop working at any moment because its dependencies can change. Prevent this by migrating to Yarn: https://bower.io/blog/2017/how-to-migrate-away-from-bower/
59 silly mapToRegistry name bower
60 silly mapToRegistry using default registry
61 silly mapToRegistry registry https://registry.npmjs.org/
62 silly mapToRegistry data Result {
62 silly mapToRegistry   raw: 'bower',
62 silly mapToRegistry   scope: null,
62 silly mapToRegistry   escapedName: 'bower',
62 silly mapToRegistry   name: 'bower',
62 silly mapToRegistry   rawSpec: '',
62 silly mapToRegistry   spec: 'latest',
62 silly mapToRegistry   type: 'tag' }
63 silly mapToRegistry uri https://registry.npmjs.org/bower
64 verbose addRemoteTarball https://registry.npmjs.org/bower/-/bower-1.8.2.tgz not in flight; adding
65 verbose addRemoteTarball [ 'https://registry.npmjs.org/bower/-/bower-1.8.2.tgz',
65 verbose addRemoteTarball   'adf53529c8d4af02ef24fb8d5341c1419d33e2f7' ]
66 info retry fetch attempt 1 at 1:31:28 AM
67 info attempt registry request try #1 at 1:31:28 AM
68 http fetch GET https://registry.npmjs.org/bower/-/bower-1.8.2.tgz
69 http fetch 200 https://registry.npmjs.org/bower/-/bower-1.8.2.tgz
70 silly fetchAndShaCheck shasum adf53529c8d4af02ef24fb8d5341c1419d33e2f7
71 verbose addTmpTarball /var/folders/d4/flzmgrmd2476ldrgt0bwz2yw0000gn/T/npm-20642-c3e9e02f/registry.npmjs.org/bower/-/bower-1.8.2.tgz not in flight; adding
72 verbose addTmpTarball already have metadata; skipping unpack for bower@1.8.2
73 verbose correctMkdir /Users/joekunnummyalil/.npm correctMkdir not in flight; initializing
74 silly cache afterAdd bower@1.8.2
75 verbose afterAdd /Users/joekunnummyalil/.npm/bower/1.8.2/package/package.json not in flight; writing
76 verbose correctMkdir /Users/joekunnummyalil/.npm correctMkdir not in flight; initializing
77 verbose afterAdd /Users/joekunnummyalil/.npm/bower/1.8.2/package/package.json written
78 silly loadAllDepsIntoIdealTree Finishing
79 silly loadIdealTree Finishing
80 silly currentTree lib
80 silly currentTree └── bower@1.8.0
81 silly idealTree lib
81 silly idealTree └── bower@1.8.2
82 silly generateActionsToTake Starting
83 silly install generateActionsToTake
84 warn checkPermissions Missing write access to /usr/local/lib/node_modules/bower
85 silly rollbackFailedOptional Starting
86 silly rollbackFailedOptional Finishing
87 silly runTopLevelLifecycles Finishing
88 silly install printInstalled
89 verbose stack Error: EACCES: permission denied, access '/usr/local/lib/node_modules/bower'
89 verbose stack     at Error (native)
90 verbose cwd /Users/joekunnummyalil/scotch-box/public/healthcare
91 error Darwin 17.4.0
92 error argv "/usr/local/bin/node" "/usr/local/bin/npm" "update" "-g" "bower"
93 error node v6.10.2
94 error npm  v3.10.10
95 error path /usr/local/lib/node_modules/bower
96 error code EACCES
97 error errno -13
98 error syscall access
99 error Error: EACCES: permission denied, access '/usr/local/lib/node_modules/bower'
99 error     at Error (native)
99 error  { Error: EACCES: permission denied, access '/usr/local/lib/node_modules/bower'
99 error     at Error (native)
99 error   errno: -13,
99 error   code: 'EACCES',
99 error   syscall: 'access',
99 error   path: '/usr/local/lib/node_modules/bower' }
100 error Please try running this command again as root/Administrator.
101 verbose exit [ -13, true ]
